<?xml version="1.0" encoding="utf-8"?><testsuites name="pytest tests"><testsuite name="pytest" errors="0" failures="2" skipped="0" tests="47" time="9.262" timestamp="2026-08-22T15:46:06.667941+00:00" hostname="agent-env-f71a092a-a8cf-4fbc-ad93-9ab2c56e3469"><testcase classname="tests.backend_test.TestAuth" name="test_login_admin" time="0.396" /><testcase classname="tests.backend_test.TestAQI" name="test_current" time="0.387" /><testcase classname="tests.backend_test.TestAQI" name="test_current_deterministic" time="0.099" /><testcase classname="tests.backend_test.TestAuth" name="test_login_demo" time="0.343" /><testcase classname="tests.backend_test.TestAQI" name="test_current_by_coords" time="0.250" /><testcase classname="tests.backend_test.TestAQI" name="test_current_no_location_400" time="0.049" /><testcase classname="tests.backend_test.TestAuth" name="test_login_wrong_password" time="0.410" /><testcase classname="tests.backend_test.TestAQI" name="test_history[24h-12]" time="0.054" /><testcase classname="tests.backend_test.TestAQI" name="test_history[7d-5]" time="0.259" /><testcase classname="tests.backend_test.TestAQI" name="test_history[30d-20]" time="0.048" /><testcase classname="tests.backend_test.TestAuth" name="test_login_unknown_email" time="0.165" /><testcase classname="tests.backend_test.TestAQI" name="test_history_invalid_range_fallback" time="0.047" /><testcase classname="tests.backend_test.TestAQI" name="test_forecast" time="0.049" /><testcase classname="tests.backend_test.TestAQI" name="test_pollutant_detail[pm25]" time="0.061" /><testcase classname="tests.backend_test.TestAQI" name="test_pollutant_detail[pm10]" time="0.057" /><testcase classname="tests.backend_test.TestAuth" name="test_bcrypt_hash_format" time="0.254" /><testcase classname="tests.backend_test.TestAQI" name="test_pollutant_detail[o3]" time="0.050" /><testcase classname="tests.backend_test.TestAQI" name="test_pollutant_detail[no2]" time="0.054" /><testcase classname="tests.backend_test.TestAQI" name="test_pollutant_detail[so2]" time="0.051" /><testcase classname="tests.backend_test.TestAQI" name="test_pollutant_detail[co]" time="0.051" /><testcase classname="tests.backend_test.TestAuth" name="test_register_and_me_and_logout" time="1.514" /><testcase classname="tests.backend_test.TestAQI" name="test_pollutant_unknown_404" time="0.053" /><testcase classname="tests.backend_test.TestHealthRisk" name="test_health_risk" time="0.056" /><testcase classname="tests.backend_test.TestHealthRisk" name="test_low_vs_high_ordering" time="0.285" /><testcase classname="tests.backend_test.TestHealthRisk" name="test_exposure[20]" time="0.050" /><testcase classname="tests.backend_test.TestHealthRisk" name="test_exposure[90]" time="0.047" /><testcase classname="tests.backend_test.TestHealthRisk" name="test_exposure[180]" time="0.090" /><testcase classname="tests.backend_test.TestHealthRisk" name="test_exposure[320]" time="0.049" /><testcase classname="tests.backend_test.TestHealthRisk" name="test_exposure_validation" time="0.049" /><testcase classname="tests.backend_test.TestLocation" name="test_search" time="0.058" /><testcase classname="tests.backend_test.TestLocation" name="test_search_empty" time="0.048" /><testcase classname="tests.backend_test.TestLocation" name="test_reverse_known" time="0.050" /><testcase classname="tests.backend_test.TestLocation" name="test_reverse_remote" time="0.049" /><testcase classname="tests.backend_test.TestLocation" name="test_reverse_missing_params_422" time="0.055" /><testcase classname="tests.backend_test.TestSavedLocations" name="test_requires_auth" time="0.393" /><testcase classname="tests.backend_test.TestAuth" name="test_register_weak_password_422" time="0.230" /><testcase classname="tests.backend_test.TestAuth" name="test_register_bad_email_422" time="0.156" /><testcase classname="tests.backend_test.TestSavedLocations" name="test_crud_flow" time="1.016" /><testcase classname="tests.backend_test.TestAuth" name="test_me_no_token_401" time="0.170" /><testcase classname="tests.backend_test.TestAuth" name="test_me_malformed_token_401" time="0.183" /><testcase classname="tests.backend_test.TestAuth" name="test_refresh_token_used_as_access_401" time="1.896" /><testcase classname="tests.backend_test.TestSavedLocations" name="test_delete_invalid_objectid" time="0.268"><failure message="AssertionError: got 500: Internal Server Error&#10;assert 500 in (400, 404, 422)&#10; +  where 500 = &lt;Response [500]&gt;.status_code">E   AssertionError: got 500: Internal Server Error
    assert 500 in (400, 404, 422)
     +  where 500 = &lt;Response [500]&gt;.status_code</failure></testcase><testcase classname="tests.backend_test.TestAI" name="test_chat_stream" time="3.864" /><testcase classname="tests.backend_test.TestAuth" name="test_brute_force_lockout" time="2.617"><failure message="AssertionError: no lockout after 6 failures, codes=[401, 401, 401, 401, 401, 401]&#10;assert (423 in [401, 401, 401, 401, 401, 401] or 429 in [401, 401, 401, 401, 401, 401])">E   AssertionError: no lockout after 6 failures, codes=[401, 401, 401, 401, 401, 401]
    assert (423 in [401, 401, 401, 401, 401, 401] or 429 in [401, 401, 401, 401, 401, 401])</failure></testcase><testcase classname="tests.backend_test.TestAI" name="test_chat_validation" time="0.253" /><testcase classname="tests.backend_test.TestMap" name="test_map" time="0.056" /><testcase classname="tests.backend_test.TestHealth" name="test_root" time="0.156" /></testsuite></testsuites>